[    0.000000] Linux version 4.15.0-38-generic (buildd@lcy01-amd64-023) (gcc version 7.3.0 (Ubuntu 7.3.0-16ubuntu3)) #41-Ubuntu SMP Wed Oct 10 10:59:38 UTC 2018 (Ubuntu 4.15.0-38.41-generic 4.15.18)
[    0.000000] Command line: BOOT_IMAGE=/boot/vmlinuz-4.15.0-38-generic root=LABEL=cloudimg-rootfs ro console=tty1 console=ttyS0
[    0.000000] KERNEL supported cpus:
[    0.000000]   Intel GenuineIntel
[    0.000000]   AMD AuthenticAMD
[    0.000000]   Centaur CentaurHauls
[    0.000000] x86/fpu: Supporting XSAVE feature 0x001: 'x87 floating point registers'
[    0.000000] x86/fpu: Supporting XSAVE feature 0x002: 'SSE registers'
[    0.000000] x86/fpu: Supporting XSAVE feature 0x004: 'AVX registers'
[    0.000000] x86/fpu: xstate_offset[2]:  576, xstate_sizes[2]:  256
[    0.000000] x86/fpu: Enabled xstate features 0x7, context size is 832 bytes, using 'standard' format.
[    0.000000] e820: BIOS-provided physical RAM map:
[    0.000000] BIOS-e820: [mem 0x0000000000000000-0x000000000009fbff] usable
[    0.000000] BIOS-e820: [mem 0x000000000009fc00-0x000000000009ffff] reserved
[    0.000000] BIOS-e820: [mem 0x00000000000f0000-0x00000000000fffff] reserved
[    0.000000] BIOS-e820: [mem 0x0000000000100000-0x000000003ffeffff] usable
[    0.000000] BIOS-e820: [mem 0x000000003fff0000-0x000000003fffffff] ACPI data
[    0.000000] BIOS-e820: [mem 0x00000000fec00000-0x00000000fec00fff] reserved
[    0.000000] BIOS-e820: [mem 0x00000000fee00000-0x00000000fee00fff] reserved
[    0.000000] BIOS-e820: [mem 0x00000000fffc0000-0x00000000ffffffff] reserved
[    0.000000] NX (Execute Disable) protection: active
[    0.000000] SMBIOS 2.5 present.
[    0.000000] DMI: innotek GmbH VirtualBox/VirtualBox, BIOS VirtualBox 12/01/2006
[    0.000000] Hypervisor detected: KVM
[    0.000000] e820: last_pfn = 0x3fff0 max_arch_pfn = 0x400000000
[    0.000000] MTRR: Disabled
[    0.000000] x86/PAT: MTRRs disabled, skipping PAT initialization too.
[    0.000000] CPU MTRRs all blank - virtualized system.
[    0.000000] x86/PAT: Configuration [0-7]: WB  WT  UC- UC  WB  WT  UC- UC  
[    0.000000] found SMP MP-table at [mem 0x0009fff0-0x0009ffff] mapped at [        (ptrval)]
[    0.000000] Scanning 1 areas for low memory corruption
[    0.000000] RAMDISK: [mem 0x35ae1000-0x36d67fff]
[    0.000000] ACPI: Early table checksum verification disabled
[    0.000000] ACPI: RSDP 0x00000000000E0000 000024 (v02 VBOX  )
[    0.000000] ACPI: XSDT 0x000000003FFF0030 00003C (v01 VBOX   VBOXXSDT 00000001 ASL  00000061)
[    0.000000] ACPI: FACP 0x000000003FFF00F0 0000F4 (v04 VBOX   VBOXFACP 00000001 ASL  00000061)
[    0.000000] ACPI: DSDT 0x000000003FFF0470 0021FF (v02 VBOX   VBOXBIOS 00000002 INTL 20160831)
[    0.000000] ACPI: FACS 0x000000003FFF0200 000040
[    0.000000] ACPI: FACS 0x000000003FFF0200 000040
[    0.000000] ACPI: APIC 0x000000003FFF0240 00005C (v02 VBOX   VBOXAPIC 00000001 ASL  00000061)
[    0.000000] ACPI: SSDT 0x000000003FFF02A0 0001CC (v01 VBOX   VBOXCPUT 00000002 INTL 20160831)
[    0.000000] No NUMA configuration found
[    0.000000] Faking a node at [mem 0x0000000000000000-0x000000003ffeffff]
[    0.000000] NODE_DATA(0) allocated [mem 0x3ffc5000-0x3ffeffff]
[    0.000000] kvm-clock: cpu 0, msr 0:3ff44001, primary cpu clock
[    0.000000] kvm-clock: Using msrs 4b564d01 and 4b564d00
[    0.000000] kvm-clock: using sched offset of 3562872285 cycles
[    0.000000] clocksource: kvm-clock: mask: 0xffffffffffffffff max_cycles: 0x1cd42e4dffb, max_idle_ns: 881590591483 ns
[    0.000000] Zone ranges:
[    0.000000]   DMA      [mem 0x0000000000001000-0x0000000000ffffff]
[    0.000000]   DMA32    [mem 0x0000000001000000-0x000000003ffeffff]
[    0.000000]   Normal   empty
[    0.000000]   Device   empty
[    0.000000] Movable zone start for each node
[    0.000000] Early memory node ranges
[    0.000000]   node   0: [mem 0x0000000000001000-0x000000000009efff]
[    0.000000]   node   0: [mem 0x0000000000100000-0x000000003ffeffff]
[    0.000000] Initmem setup node 0 [mem 0x0000000000001000-0x000000003ffeffff]
[    0.000000] Reserved but unavailable: 98 pages
[    0.000000] ACPI: PM-Timer IO Port: 0x4008
[    0.000000] IOAPIC[0]: apic_id 2, version 32, address 0xfec00000, GSI 0-23
[    0.000000] ACPI: INT_SRC_OVR (bus 0 bus_irq 0 global_irq 2 dfl dfl)
[    0.000000] ACPI: INT_SRC_OVR (bus 0 bus_irq 9 global_irq 9 low level)
[    0.000000] Using ACPI (MADT) for SMP configuration information
[    0.000000] smpboot: Allowing 2 CPUs, 0 hotplug CPUs
[    0.000000] PM: Registered nosave memory: [mem 0x00000000-0x00000fff]
[    0.000000] PM: Registered nosave memory: [mem 0x0009f000-0x0009ffff]
[    0.000000] PM: Registered nosave memory: [mem 0x000a0000-0x000effff]
[    0.000000] PM: Registered nosave memory: [mem 0x000f0000-0x000fffff]
[    0.000000] e820: [mem 0x40000000-0xfebfffff] available for PCI devices
[    0.000000] Booting paravirtualized kernel on KVM
[    0.000000] clocksource: refined-jiffies: mask: 0xffffffff max_cycles: 0xffffffff, max_idle_ns: 7645519600211568 ns
[    0.000000] random: get_random_bytes called from start_kernel+0x99/0x4fd with crng_init=0
[    0.000000] setup_percpu: NR_CPUS:8192 nr_cpumask_bits:2 nr_cpu_ids:2 nr_node_ids:1
[    0.000000] percpu: Embedded 46 pages/cpu @        (ptrval) s151552 r8192 d28672 u1048576
[    0.000000] PV qspinlock hash table entries: 256 (order: 0, 4096 bytes)
[    0.000000] Built 1 zonelists, mobility grouping on.  Total pages: 257913
[    0.000000] Policy zone: DMA32
[    0.000000] Kernel command line: BOOT_IMAGE=/boot/vmlinuz-4.15.0-38-generic root=LABEL=cloudimg-rootfs ro console=tty1 console=ttyS0
[    0.000000] Memory: 983612K/1048120K available (12300K kernel code, 2472K rwdata, 4248K rodata, 2408K init, 2416K bss, 64508K reserved, 0K cma-reserved)
[    0.000000] SLUB: HWalign=64, Order=0-3, MinObjects=0, CPUs=2, Nodes=1
[    0.000000] Kernel/User page tables isolation: enabled
[    0.000000] ftrace: allocating 39175 entries in 154 pages
[    0.004000] Hierarchical RCU implementation.
[    0.004000] 	RCU restricting CPUs from NR_CPUS=8192 to nr_cpu_ids=2.
[    0.004000] 	Tasks RCU enabled.
[    0.004000] RCU: Adjusting geometry for rcu_fanout_leaf=16, nr_cpu_ids=2
[    0.004000] NR_IRQS: 524544, nr_irqs: 440, preallocated irqs: 16
[    0.004000] Console: colour VGA+ 80x25
[    0.004000] console [tty1] enabled
[    0.004000] console [ttyS0] enabled
[    0.004000] ACPI: Core revision 20170831
[    0.004000] ACPI: 2 ACPI AML tables successfully acquired and loaded
[    0.004000] APIC: Switch to symmetric I/O mode setup
[    0.004278] x2apic enabled
[    0.005284] Switched APIC routing to physical x2apic.
[    0.009166] ..TIMER: vector=0x30 apic1=0 pin1=2 apic2=-1 pin2=-1
[    0.012004] tsc: Detected 2491.906 MHz processor
[    0.016014] Calibrating delay loop (skipped) preset value.. 4983.81 BogoMIPS (lpj=9967624)
[    0.017758] pid_max: default: 32768 minimum: 301
[    0.018816] Security Framework initialized
[    0.020004] Yama: becoming mindful.
[    0.020813] AppArmor: AppArmor initialized
[    0.022588] Dentry cache hash table entries: 131072 (order: 8, 1048576 bytes)
[    0.024039] Inode-cache hash table entries: 65536 (order: 7, 524288 bytes)
[    0.028033] Mount-cache hash table entries: 2048 (order: 2, 16384 bytes)
[    0.032011] Mountpoint-cache hash table entries: 2048 (order: 2, 16384 bytes)
[    0.033822] mce: CPU supports 0 MCE banks
[    0.036019] Last level iTLB entries: 4KB 512, 2MB 8, 4MB 8
[    0.040006] Last level dTLB entries: 4KB 512, 2MB 32, 4MB 32, 1GB 0
[    0.041087] Spectre V2 : Mitigation: Full generic retpoline
[    0.044003] Spectre V2 : Spectre v2 / SpectreRSB mitigation: Filling RSB on context switch
[    0.045405] Speculative Store Bypass: Vulnerable
[    0.046339] Freeing SMP alternatives memory: 36K
[    0.052000] smpboot: CPU0: Intel(R) Core(TM) i5-2520M CPU @ 2.50GHz (family: 0x6, model: 0x2a, stepping: 0x7)
[    0.052115] Performance Events: unsupported p6 CPU model 42 no PMU driver, software events only.
[    0.054175] Hierarchical SRCU implementation.
[    0.056351] NMI watchdog: Perf event create on CPU 0 failed with -2
[    0.057767] NMI watchdog: Perf NMI watchdog permanently disabled
[    0.059187] smp: Bringing up secondary CPUs ...
[    0.060108] x86: Booting SMP configuration:
[    0.061079] .... node  #0, CPUs:      #1
[    0.004000] kvm-clock: cpu 1, msr 0:3ff44041, secondary cpu clock
[    0.004000] mce: CPU supports 0 MCE banks
[    0.064027] smp: Brought up 1 node, 2 CPUs
[    0.064776] smpboot: Max logical packages: 1
[    0.065594] smpboot: Total of 2 processors activated (9967.62 BogoMIPS)
[    0.068191] devtmpfs: initialized
[    0.068722] x86/mm: Memory block size: 128MB
[    0.069720] evm: security.selinux
[    0.070369] evm: security.SMACK64
[    0.071007] evm: security.SMACK64EXEC
[    0.072006] evm: security.SMACK64TRANSMUTE
[    0.072819] evm: security.SMACK64MMAP
[    0.076007] evm: security.apparmor
[    0.080003] evm: security.ima
[    0.080624] evm: security.capability
[    0.082424] clocksource: jiffies: mask: 0xffffffff max_cycles: 0xffffffff, max_idle_ns: 7645041785100000 ns
[    0.084017] futex hash table entries: 512 (order: 3, 32768 bytes)
[    0.085293] pinctrl core: initialized pinctrl subsystem
[    0.087118] RTC time: 17:20:46, date: 10/31/18
[    0.088218] NET: Registered protocol family 16
[    0.089209] audit: initializing netlink subsys (disabled)
[    0.092053] audit: type=2000 audit(1541006451.123:1): state=initialized audit_enabled=0 res=1
[    0.092213] cpuidle: using governor ladder
[    0.092986] cpuidle: using governor menu
[    0.096017] ACPI: bus type PCI registered
[    0.096944] acpiphp: ACPI Hot Plug PCI Controller Driver version: 0.5
[    0.098473] PCI: Using configuration type 1 for base access
[    0.100992] HugeTLB registered 2.00 MiB page size, pre-allocated 0 pages
[    0.101706] ACPI: Added _OSI(Module Device)
[    0.104012] ACPI: Added _OSI(Processor Device)
[    0.104978] ACPI: Added _OSI(3.0 _SCP Extensions)
[    0.106015] ACPI: Added _OSI(Processor Aggregator Device)
[    0.107156] ACPI: Added _OSI(Linux-Dell-Video)
[    0.108004] ACPI: Added _OSI(Linux-Lenovo-NV-HDMI-Audio)
[    0.109402] ACPI: Executed 1 blocks of module-level executable AML code
[    0.114998] ACPI: Interpreter enabled
[    0.115859] ACPI: (supports S0 S5)
[    0.116003] ACPI: Using IOAPIC for interrupt routing
[    0.117347] PCI: Using host bridge windows from ACPI; if necessary, use "pci=nocrs" and report a bug
[    0.120182] ACPI: Enabled 2 GPEs in block 00 to 07
[    0.129679] ACPI: PCI Root Bridge [PCI0] (domain 0000 [bus 00-ff])
[    0.131070] acpi PNP0A03:00: _OSC: OS supports [ASPM ClockPM Segments MSI]
[    0.132042] acpi PNP0A03:00: _OSC: not requesting OS control; OS requires [ExtendedConfig ASPM ClockPM MSI]
[    0.136018] acpi PNP0A03:00: fail to add MMCONFIG information, can't access extended PCI configuration space under this bridge.
[    0.140437] PCI host bridge to bus 0000:00
[    0.144008] pci_bus 0000:00: root bus resource [io  0x0000-0x0cf7 window]
[    0.148006] pci_bus 0000:00: root bus resource [io  0x0d00-0xffff window]
[    0.152017] pci_bus 0000:00: root bus resource [mem 0x000a0000-0x000bffff window]
[    0.153460] pci_bus 0000:00: root bus resource [mem 0x40000000-0xfdffffff window]
[    0.156008] pci_bus 0000:00: root bus resource [bus 00-ff]
[    0.158736] pci 0000:00:01.1: legacy IDE quirk: reg 0x10: [io  0x01f0-0x01f7]
[    0.160013] pci 0000:00:01.1: legacy IDE quirk: reg 0x14: [io  0x03f6]
[    0.161371] pci 0000:00:01.1: legacy IDE quirk: reg 0x18: [io  0x0170-0x0177]
[    0.164011] pci 0000:00:01.1: legacy IDE quirk: reg 0x1c: [io  0x0376]
[    0.189190] pci 0000:00:07.0: quirk: [io  0x4000-0x403f] claimed by PIIX4 ACPI
[    0.192024] pci 0000:00:07.0: quirk: [io  0x4100-0x410f] claimed by PIIX4 SMB
[    0.202565] ACPI: PCI Interrupt Link [LNKA] (IRQs 5 9 10 *11)
[    0.204251] ACPI: PCI Interrupt Link [LNKB] (IRQs 5 9 *10 11)
[    0.205601] ACPI: PCI Interrupt Link [LNKC] (IRQs 5 *9 10 11)
[    0.208160] ACPI: PCI Interrupt Link [LNKD] (IRQs 5 9 10 *11)
[    0.210013] SCSI subsystem initialized
[    0.212099] pci 0000:00:02.0: vgaarb: setting as boot VGA device
[    0.216000] pci 0000:00:02.0: vgaarb: VGA device added: decodes=io+mem,owns=io+mem,locks=none
[    0.216034] pci 0000:00:02.0: vgaarb: bridge control possible
[    0.220010] vgaarb: loaded
[    0.224080] ACPI: bus type USB registered
[    0.225970] usbcore: registered new interface driver usbfs
[    0.226880] usbcore: registered new interface driver hub
[    0.228005] usbcore: registered new device driver usb
[    0.228966] EDAC MC: Ver: 3.0.0
[    0.232282] PCI: Using ACPI for IRQ routing
[    0.236279] NetLabel: Initializing
[    0.236901] NetLabel:  domain hash size = 128
[    0.240005] NetLabel:  protocols = UNLABELED CIPSOv4 CALIPSO
[    0.241048] NetLabel:  unlabeled traffic allowed by default
[    0.242010] clocksource: Switched to clocksource kvm-clock
[    0.255319] VFS: Disk quotas dquot_6.6.0
[    0.256173] VFS: Dquot-cache hash table entries: 512 (order 0, 4096 bytes)
[    0.273179] AppArmor: AppArmor Filesystem Enabled
[    0.274296] pnp: PnP ACPI init
[  0.277738] pnp: PnP ACPI: found 3 devices

[    0.342643] clocksource: acpi_pm: mask: 0xffffff max_cycles: 0xffffff, max_idle_ns: 2085701024 ns
[    0.344582] NET: Registered ptocol family 2

[    0.395751] TCP established hash table entries: 8192 (order: 4, 65536 bytes)
[    0.397314] TCP bind hash table entries: 8192 (order: 5, 131072 bytes)
[    0.398703] TCP: Hash tables configure(established 8192 bind 8192)
[    0.448105] UDP hash table entries: 512 (order: 2, 16384 bytes)
[    0.449226] UDP-Lite hash table entries: 512 (order: 2, 16384 bytes)
[    0.450380] NET: Registered protocol family 1
[    0.451219] pci 0000:00:00.0: Limiting direct PCI/PCI transfers
[    0.452319] pci 0000:00:01.0: Activating ISA DMA hang workarous
[    0.502884] pci 0000:00:02.0: Video device with shadowed ROM at [mem 0x000c0000-0x000dffff]
[    0.504763] Unpacking initramfs...

[    0.812546] Freeing initrd memory: 18972K
[    0.817179] platform rtc_cmos: registered platform RTC device (no PNP device found)
[    0.818956] Scanning for low memory corruption every 60 seconds
[    0.820746] Initialise system trusted keyrings
[    0.821593] Key type blacklist registered
[    0.822377] workingset: timestamp_bits=36 max_order=18 bucket_order=0
[    0.825101] zbud: loaded
[    0.842709] squashfs: version 4.0 (2009/01/31) Phillip Lougher
[    0.844042] fuse init (API version 7.26)
[    0.848916] Key type asymmetric registered
[    0.855108] Asymmetric key parser 'x509' registered
[    0.863140] Block layer SCSI generic (bsg) driver version 0.4 loaded (major 246)
[    0.864678] io scheduler noop registered
[    0.865433] io scheduler deadline registered
[    0.866300] io scheduler cfq registered (default)
[    0.867873] ACPI: AC Adapter [AC] (on-line)
[    0.869001] input: Power Button as /devices/LNXSYSTM:00/LNXPWRBN:00/input/input0
[    0.870786] ACPI: Power Button [PWRF]
[    0.871735] input: Sleep Button as /devices/LNXSYSTM:00/LNXSLPBN:00/input/input1
[    0.874390] ACPI: Sleep Button [SLPF]
[    0.876220] Serial: 8250/16550 driver, 32 ports, IRQ sharing enabled
[    0.876477] ACPI: Battery Slot [BAT0] (battery present)
[    0.945655] 00:02: ttyS0 at I/O 0x3f8 (irq = 4, base_baud = 115200) is a 16550A
[    0.955136] Linux agpgart interface v0.103
[    0.957376] loop: module loaded
[    0.958744] scsi host0: ata_piix
[    0.959638] scsi host1: ata_piix
[    0.960446] ata1: PATA max UDMA/33 cmd 0x1f0 ctl 0x3f6 bmdma 0xd000 irq 14
[    0.961883] ata2: PATA max UDMA/33 cmd 0x170 ctl 0x376 bmdma 0xd008 irq 15
[    0.982877] libphy: Fixed MDIO Bus: probed
[    0.985726] tun: Universal TUN/TAP device driver, 1.6
[    0.986926] PPP generic driver version 2.4.2
[    0.987925] ehci_hcd: USB 2.0 'Enhanced' Host Controller (EHCI) Driver
[    0.989714] ehci-pci: EHCI PCI platform driver
[    0.990731] ehci-platform: EHCI generic platform driver
[    0.991896] ohci_hcd: USB 1.1 'Open' Host Controller (OHCI) Driver
[    0.993232] ohci-pci: OHCI PCI platform driver
[    0.994207] ohci-platform: OHCI generic platform driver
[    0.997807] uhci_hcd: USB Universal Host Controller Interface driver
[    0.999225] i8042: PNP: PS/2 Controller [PNP0303:PS2K,PNP0f03:PS2M] at 0x60,0x64 irq 1,12
[    1.001509] serio: i8042 KBD port at 0x60,0x64 irq 1
[    1.002629] serio: i8042 AUX port at 0x60,0x64 irq 12
[    1.003841] mousedev: PS/2 mouse device common for all mice
[    1.005395] input: AT Translated Set 2 keyboard as /devices/platform/i8042/serio0/input/input2
[    1.016445] rtc_cmos rtc_cmos: rtc core: registered rtc_cmos as rtc0
[    1.017861] rtc_cmos rtc_cmos: alarms up to one day, 114 bytes nvram
[    1.019232] i2c /dev entries driver
[    1.020039] pcie_mp2_amd: AMD(R) PCI-E MP2 Communication Driver Version: 1.0
[    1.021597] device-mapper: uevent: version 1.0.3
[    1.028810] device-mapper: ioctl: 4.37.0-ioctl (2017-09-20) initialised: dm-devel@redhat.com
[    1.036252] ledtrig-cpu: registered to indicate activity on CPUs
[    1.041845] NET: Registered protocol family 10
[    1.049804] Segment Routing with IPv6
[    1.052163] NET: Registered protocol family 17
[    1.053260] Key type dns_resolver registered
[    1.054534] RAS: Correctable Errors collector initialized.
[    1.056936] sched_clock: Marking stable (1056896699, 0)->(1477563014, -420666315)
[    1.059228] registered taskstats version 1
[    1.068547] Loading compiled-in X.509 certificates
[    1.073682] Loaded X.509 cert 'Build time autogenerated kernel key: f3a9ae7fdf18cf897e7c53db8499a9c1252f0be9'
[    1.081288] zswap: loaded using pool lzo/zbud
[    1.087167] Key type big_key registered
[    1.089232] Key type trusted registered
[    1.110255] Key type encrypted registered
[    1.118283] AppArmor: AppArmor sha1 policy hashing enabled
[    1.119453] ima: No TPM chip found, activating TPM-bypass! (rc=-19)
[    1.120694] ima: Allocated hash algorithm: sha1
[    1.121670] evm: HMAC attrs: 0x1
[    1.128969]   Magic number: 6:430:341
[    1.129783] rtc_cmos rtc_cmos: setting system clock to 2018-10-31 17:20:47 UTC (1541006447)
[    1.133019] BIOS EDD facility v0.16 2004-Jun-25, 0 devices found
[    1.134805] EDD information not available.
[    1.142972] Freeing unused kernel memory: 2408K
[    1.162057] Write protecting the kernel read-only data: 20480k
[    1.169212] Freeing unused kernel memory: 2008K
[    1.177344] Freeing unused kernel memory: 1896K
[    1.209670] x86/mm: Checked W+X mappings: passed, no W+X pages found.
[    1.211105] x86/mm: Checking user space page tables
[    1.218483] x86/mm: Checked W+X mappings: passed, no W+X pages found.
Loading, please wait...
starting version 237
[    1.331634] Fusion MPT base driver 3.04.20
[    1.363036] Copyright (c) 1999-2008 LSI Corporation
[    1.369698] e1000: Intel(R) PRO/1000 Network Driver - version 7.3.21-k8-NAPI
[    1.380759] e1000: Copyright (c) 1999-2006 Intel Corporation.
[    1.400459] Fusion MPT SPI Host driver 3.04.20
[    1.415941] AVX version of gcm_enc/dec engaged.
[    1.418239] mptbase: ioc0: Initiating bringup
[    1.429054] AES CTR mode by8 optimization enabled
[    1.512789] ioc0: LSI53C1030 A0: Capabilities={Initiator}
[    1.591581] input: ImExPS/2 Generic Explorer Mouse as /devices/platform/i8042/serio1/input/input4
[    1.758256] scsi host2: ioc0: LSI53C1030 A0, FwRev=00000000h, Ports=1, MaxQ=256, IRQ=20
[    1.827079] tsc: Refined TSC clocksource calibration: 2491.777 MHz
[    1.827087] clocksource: tsc: mask: 0xffffffffffffffff max_cycles: 0x23eae1c8a29, max_idle_ns: 440795285625 ns
[    2.110052] scsi 2:0:0:0: Direct-Access     VBOX     HARDDISK         1.0  PQ: 0 ANSI: 5
[    2.164143] scsi target2:0:0: Beginning Domain Validation
[    2.168059] scsi target2:0:0: Domain Validation skipping write tests
[    2.170430] scsi target2:0:0: Ending Domain Validation
[    2.188260] scsi target2:0:0: asynchronous
[    2.195612] scsi 2:0:1:0: Direct-Access     VBOX     HARDDISK         1.0  PQ: 0 ANSI: 5
[    2.480115] scsi target2:0:1: Beginning Domain Validation
[    2.482006] random: fast init done
[    2.483198] scsi target2:0:1: Domain Validation skipping write tests
[    2.484721] scsi target2:0:1: Ending Domain Validation
[    2.485963] scsi target2:0:1: asynchronous
[    2.490962] random: systemd-udevd: uninitialized urandom read (16 bytes read)
[    2.492502] random: systemd-udevd: uninitialized urandom read (16 bytes read)
[    2.492525] sd 2:0:0:0: Attached scsi generic sg0 type 0
[    2.497113] sd 2:0:0:0: [sda] 20971520 512-byte logical blocks: (10.7 GB/10.0 GiB)
[    2.497155] sd 2:0:0:0: [sda] Write Protect is off
[    2.497235] sd 2:0:0:0: [sda] Incomplete mode parameter data
[    2.497237] sd 2:0:0:0: [sda] Assuming drive cache: write through
[    2.498096] sd 2:0:1:0: [sdb] 20480 512-byte logical blocks: (10.5 MB/10.0 MiB)
[    2.498184] sd 2:0:1:0: [sdb] Write Protect is off
[    2.498240]  sda: sda1
[    2.498469] sd 2:0:1:0: [sdb] Incomplete mode parameter data
[    2.498471] sd 2:0:1:0: [sdb] Assuming drive cache: write through
[    2.499117] sd 2:0:0:0: [sda] Attached SCSI disk
[    2.499366] sd 2:0:1:0: Attached scsi generic sg1 type 0
[    2.501274] sd 2:0:1:0: [sdb] Attached SCSI disk
[    2.551843] e1000 0000:00:03.0 eth0: (PCI:33MHz:32-bit) 02:2b:f1:e5:93:b3
[    2.551851] e1000 0000:00:03.0 eth0: Intel(R) PRO/1000 Network Connection
[    2.586147] random: systemd-udevd: uninitialized urandom read (16 bytes read)
[    2.590528] e1000 0000:00:03.0 enp0s3: renamed from eth0
Begin: Loading essential drivers ... [    4.180049] raid6: sse2x1   gen()  8439 MB/s
[    4.228093] raid6: sse2x1   xor()  5922 MB/s
[    4.280037] raid6: sse2x2   gen()  9952 MB/s
[    4.336034] raid6: sse2x2   xor()  6753 MB/s
[    4.386856] raid6: sse2x4   gen() 12641 MB/s
[    4.432038] raid6: sse2x4   xor()  8123 MB/s
[    4.433076] raid6: using algorithm sse2x4 gen() 12641 MB/s
[    4.434056] raid6: .... xor() 8123 MB/s, rmw enabled
[    4.435108] raid6: using ssse3x2 recovery algorithm
[    4.437372] xor: automatically using best checksumming function   avx       
[    4.440386] async_tx: api initialized (async)
done.
Begin: Running /scripts/init-premount ... done.
Begin: Mounting root file system ... Begin: Running /scripts/local-top ... done.
Begin: Running /scripts/local-premount ... [    4.506107] Btrfs loaded, crc32c=crc32c-intel
Scanning for Btrfs filesystems
done.
Warning: fsck not present, so skipping root file system
[    4.550752] EXT4-fs (sda1): mounted filesystem with ordered data mode. Opts: (null)
done.
Begin: Running /scripts/local-bottom ... done.
Begin: Running /scripts/init-bottom ... done.
[    4.868999] ip_tables: (C) 2000-2006 Netfilter Core Team
[    4.890083] systemd[1]: systemd 237 running in system mode. (+PAM +AUDIT +SELINUX +IMA +APPARMOR +SMACK +SYSVINIT +UTMP +LIBCRYPTSETUP +GCRYPT +GNUTLS +ACL +XZ +LZ4 +SECCOMP +BLKID +ELFUTILS +KMOD -IDN2 +IDN -PCRE2 default-hierarchy=hybrid)
[    4.945126] systemd[1]: Detected virtualization oracle.
[    4.946710] systemd[1]: Detected architecture x86-64.

Welcome to [1mUbuntu 18.04.1 LTS[0m!

[    4.957469] systemd[1]: Set hostname to <ubuntu>.
[    4.965434] systemd[1]: Initializing machine ID from random generator.
[    4.967329] systemd[1]: Installed transient /etc/machine-id file.
[    5.375441] systemd[1]: Reached target Swap.
[[0;32m  OK  [0m] Reached target Swap.
[    5.380423] systemd[1]: Reached target User and Group Name Lookups.
[[0;32m  OK  [0m] Reached target User and Group Name Lookups.
[    5.385196] systemd[1]: Started Forward Password Requests to Wall Directory Watch.
[[0;32m  OK  [0m] Started Forward Password Requests to Wall Directory Watch.
[    5.389860] systemd[1]: Reached target System Time Synchronized.
[[0;32m  OK  [0m] Reached target System Time Synchronized.
[[0;32m  OK  [0m] Set up automount Arbitrary Executab…rmats File System Automount Point.
[[0;32m  OK  [0m] Created slice System Slice.
[[0;32m  OK  [0m] Listening on Syslog Socket.
[[0;32m  OK  [0m] Listening on udev Kernel Socket.
[[0;32m  OK  [0m] Listening on Network Service Netlink Socket.
[[0;32m  OK  [0m] Listening on Device-mapper event daemon FIFOs.
[[0;32m  OK  [0m] Listening on Journal Audit Socket.
[[0;32m  OK  [0m] Listening on LVM2 metadata daemon socket.
[[0;32m  OK  [0m] Listening on Journal Socket (/dev/log).
[[0;32m  OK  [0m] Listening on Journal Socket.
         Starting Monitoring of LVM2 mirrors…ng dmeventd or progress polling...
         Mounting Huge Pages File System...
         Starting Load Kernel Modules...
         Starting Journal Service...
         Mounting Kernel Debug File System...
         Starting Uncomplicated firewall.[    5.568696] Loading iSCSI transport class v2.0-870.
..
         Starting Remount Root and Kernel File Systems...
[[0;32m  OK  [0m] Listening on LVM2 poll daemon socket.
[[0;32m  OK  [0m] Listening on ude[    5.596796] iscsi: registered transport (tcp)
v Control Socket.
[    5.624273] iscsi: registered transport (iser)
         Starting udev Co[    5.662078] EXT4-fs (sda1): re-mounted. Opts: (null)
ldplug all Devices...
[[0;32m  OK  [0m] Created slice User and Session Slice.
[[0;32m  OK  [0m] Reached target Slices.
         Starting Set the console keyboard layout...
         Mounting POSIX Message Queue File System...
[[0;32m  OK  [0m] Listening on /dev/initctl Compatibility Named Pipe.
         Starting Create list of required st…ce nodes for the current kernel...
[[0;32m  OK  [0m] Created slice system-serial\x2dgetty.slice.
[[0;32m  OK  [0m] Started Journal Service.
[[0;32m  OK  [0m] Mounted Huge Pages File System.
[[0;32m  OK  [0m] Started Load Kernel Modules.
[[0;32m  OK  [0m] Mounted Kernel Debug File System.
[[0;32m  OK  [0m] Started Uncomplicated firewall.
[[0;32m  OK  [0m] Started Remount Root and Kernel File Systems.
[[0;32m  OK  [0m] Mounted POSIX Message Queue File System.
[[0;32m  OK  [0m] Started Create list of required sta…vice nodes for the current kernel.
[[0;32m  OK  [0m] Started LVM2 metadata daemon.
         Starting Create Static Device Nodes in /dev...
         Starting Load/Save Random Seed...
         Starting Initial cloud-init job (pre-networking)...
         Starting Apply Kernel Variables...
         Mounting FUSE Control File System...
         Mounting Kernel Configuration File System...
         Starting Flush Journal to Persistent Storage...
[[0;32m  OK  [0m] Started Create Static Device Nodes in /dev.
[[0;32m  OK  [0m] Started Set the console keyboard layout.
[[0;32m  OK  [0m] Started udev Coldplug all Devices.
[[0;32m  OK  [0m] Mounted FUSE Control File System.
[[0;32m  OK  [0m] Mounted Kernel Configuration File System.
         Starting udev Kernel Device Manager...
[[0;32m  OK  [0m] Started Monitoring of LVM2 mirrors,…sing dmeventd or progress polling.
[[0;32m  OK  [0m] Started Load/Save Random Seed.
[[0;32m  OK  [0m] Reached target Local File Systems (Pre).
[[0;32m  OK  [0m] Reached target Local File Systems.
         Starting Set console font and keymap...
         Starting AppArmor initialization...
         Starting Tell Plymouth To Write Out Runtime Data...
         Starting ebtables ruleset management...
         Starting Commit a transient machine-id on disk...
[[0;32m  OK  [0m] Started Apply Kernel Variables.
[[0;32m  OK  [0m] Started Set console font and keymap.
[[0;32m  OK  [0m] Started Tell Plymouth To Write Out Runtime Data.
[[0;32m  OK  [0m] Started udev Kernel Device Manager.
[[0;32m  OK  [0m] Started Dispatch Password Requests to Console Directory Watch.
[[0;32m  OK  [0m] Reached target Local Encrypted Volumes.
[[0;32m  OK  [0m] Started Flush Journal to Persistent Storage.
[[0;32m  OK  [0m] Started Commit a transient machine-id on disk.
         Starting Create Volatile Files and Directories...
[[0;32m  OK  [0m] Started Create Volatile Files and Directories.
         Starting Update UTMP about System Boot/Shutdown...
[[0;32m  OK  [0m] Started ebtables ruleset management.
[[0;32m  OK  [0m] Started Update UTMP about System Boot/Shutdown.
[[0;32m  OK  [0m] Found device /dev/ttyS0.
[[0;32m  OK  [0m] Listening on Load/Save RF Kill Switch Status /dev/rfkill Watch.
[[0;32m  OK  [0m] Started AppArmor initialization.
[    8.603934] cloud-init[404]: Cloud-init v. 18.4-0ubuntu1~18.04.1 running 'init-local' at Wed, 31 Oct 2018 17:20:54 +0000. Up 8.09 seconds.
[[0;32m  OK  [0m] Started Initial cloud-init job (pre-networking).
[[0;32m  OK  [0m] Reached target Network (Pre).
         Starting Network Service...
[[0;32m  OK  [0m] Started Network Service.
         Starting Wait for Network to be Configured...
         Starting Network Name Resolution...
[[0;32m  OK  [0m] Started Network Name Resolution.
[[0;32m  OK  [0m] Reached target Network.
[[0;32m  OK  [0m] Reached target Host and Network Name Lookups.
[[0;32m  OK  [0m] Started Wait for Network to be Configured.
         Starting Initial cloud-init job (metadata service crawler)...
[   16.296284] cloud-init[629]: Cloud-init v. 18.4-0ubuntu1~18.04.1 running 'init' at Wed, 31 Oct 2018 17:20:58 +0000. Up 12.19 seconds.
[   16.372569] cloud-init[629]: ci-info: ++++++++++++++++++++++++++++++++++++++Net device info++++++++++++++++++++++++++++++++++++++
[   16.393514] cloud-init[629]: ci-info: +--------+------+----------------------------+---------------+--------+-------------------+
[   16.421464] cloud-init[629]: ci-info: | Device |  Up  |          Address           |      Mask     | Scope  |     Hw-Address    |
[   16.441523] cloud-init[629]: ci-info: +--------+------+----------------------------+---------------+--------+-------------------+
[   16.472862] cloud-init[629]: ci-info: | enp0s3 | True |         10.0.2.15          | 255.255.255.0 | global | 02:2b:f1:e5:93:b3 |
[   16.502765] cloud-init[629]: ci-info: | enp0s3 | True | fe80::2b:f1ff:fee5:93b3/64 |       .       |  link  | 02:2b:f1:e5:93:b3 |
[   16.531078] cloud-init[629]: ci-info: |   lo   | True |         127.0.0.1          |   255.0.0.0   |  host  |         .         |
[   16.559219] cloud-init[629]: ci-info: |   lo   | True |          ::1/128           |       .       |  host  |         .         |
[   16.567233] cloud-init[629]: ci-info: +--------+------+----------------------------+---------------+--------+-------------------+
[   16.582985] cloud-init[629]: ci-info: ++++++++++++++++++++++++++++Route IPv4 info+++++++++++++++++++++++++++++
[   16.591070] cloud-init[629]: ci-info: +-------+-------------+----------+-----------------+-----------+-------+
[   16.603038] cloud-init[629]: ci-info: | Route | Destination | Gateway  |     Genmask     | Interface | Flags |
[   16.612764] cloud-init[629]: ci-info: +-------+-------------+----------+-----------------+-----------+-------+
[   16.622963] cloud-init[629]: ci-info: |   0   |   0.0.0.0   | 10.0.2.2 |     0.0.0.0     |   enp0s3  |   UG  |
[   16.635143] cloud-init[629]: ci-info: |   1   |   10.0.2.0  | 0.0.0.0  |  255.255.255.0  |   enp0s3  |   U   |
[   16.647053] cloud-init[629]: ci-info: |   2   |   10.0.2.2  | 0.0.0.0  | 255.255.255.255 |   enp0s3  |   UH  |
[   16.658924] cloud-init[629]: ci-info: +-------+-------------+----------+-----------------+-----------+-------+
[   16.667043] cloud-init[629]: ci-info: +++++++++++++++++++Route IPv6 info+++++++++++++++++++
[   16.691158] cloud-init[629]: ci-info: +-------+-------------+---------+-----------+-------+
[   16.699144] cloud-init[629]: ci-info: | Route | Destination | Gateway | Interface | Flags |
[   16.703822] cloud-init[629]: ci-info: +-------+-------------+---------+-----------+-------+
[   16.714969] cloud-init[629]: ci-info: |   1   |  fe80::/64  |    ::   |   enp0s3  |   U   |
[   16.725714] cloud-init[629]: ci-info: |   3   |    local    |    ::   |   enp0s3  |   U   |
[   16.736972] cloud-init[629]: ci-info: |   4   |   ff00::/8  |    ::   |   enp0s3  |   U   |
[   16.748413] cloud-init[629]: ci-info: +-------+-------------+---------+-----------+-------+
[   16.762964] cloud-init[629]: Generating public/private rsa key pair.
[   16.767043] cloud-init[629]: Your identification has been saved in /etc/ssh/ssh_host_rsa_key.
[   16.775028] cloud-init[629]: Your public key has been saved in /etc/ssh/ssh_host_rsa_key.pub.
[   16.787224] cloud-init[629]: The key fingerprint is:
[   16.790706] cloud-init[629]: SHA256:mm2mQQ3EXWO3NgM1qBI7A381cUP1Cy9nGamg1shlcIo root@ubuntu-bionic
[   16.801505] cloud-init[629]: The key's randomart image is:
[   16.806935] cloud-init[629]: +---[RSA 2048]----+
[   16.815158] cloud-init[629]: |     ... o**B..  |
[   16.827015] cloud-init[629]: |    ..o o.B= + ..|
[   16.831163] cloud-init[629]: |     o.E + ==. o.|
[   16.838969] cloud-init[629]: |      *o+ *..o+ +|
[   16.843165] cloud-init[629]: |      .=S= . o * |
[   16.849624] cloud-init[629]: |     . +.     +  |
[   16.862932] cloud-init[629]: |      + +        |
[   16.867203] cloud-init[629]: |       =         |
[   16.875025] cloud-init[629]: |      .          |
[   16.878941] cloud-init[629]: +----[SHA256]-----+
[   16.886938] cloud-init[629]: Generating public/private dsa key pair.
[   16.899089] cloud-init[629]: Your identification has been saved in /etc/ssh/ssh_host_dsa_key.
[   16.907558] cloud-init[629]: Your public key has been saved in /etc/ssh/ssh_host_dsa_key.pub.
[   16.922968] cloud-init[629]: The key fingerprint is:
[   16.927139] cloud-init[629]: SHA256:p3Tzqh2+g65qQ6yut+gvYiAWAvCtAhHIa64tPPyLrAI root@ubuntu-bionic
[   16.938963] cloud-init[629]: The key's randomart image is:
[   16.947022] cloud-init[629]: +---[DSA 1024]----+
[   16.959092] cloud-init[629]: |B.               |
[   16.963003] cloud-init[629]: |o+ .             |
[   16.967250] cloud-init[629]: |o o .            |
[   16.973367] cloud-init[629]: |o+ .             |
[   16.979204] cloud-init[629]: |= o.    S +      |
[   16.987188] cloud-init[629]: |E+  o  . + o     |
[   16.992886] cloud-init[629]: |O. o    ... .    |
[   16.999207] cloud-init[629]: |*B= o   .o.o     |
[   17.011287] cloud-init[629]: |XOB*oo.oo.=o     |
[   17.015274] cloud-init[629]: +----[SHA256]-----+
[   17.022979] cloud-init[629]: Generating public/private ecdsa key pair.
[   17.032834] cloud-init[629]: Your identification has been saved in /etc/ssh/ssh_host_ecdsa_key.
[   17.051240] cloud-init[629]: Your public key has been saved in /etc/ssh/ssh_host_ecdsa_key.pub.
[   17.058944] cloud-init[629]: The key fingerprint is:
[   17.063096] cloud-init[629]: SHA256:gRKGXJWPw/wEW6msr1tHSqU06HD1Cm7LSm6j1vkfVSY root@ubuntu-bionic
[   17.095456] cloud-init[629]: The key's randomart image is:
[   17.107130] cloud-init[629]: +---[ECDSA 256]---+
[   17.127822] cloud-init[629]: | . o+.o. .       |
[   17.158963] cloud-init[629]: |  o. +ooo        |
[   17.171410] cloud-init[629]: |  . =++B+E o     |
[   17.187888] cloud-init[629]: |   = +O=o.+      |
[   17.194914] cloud-init[629]: |    +.++S.       |
[   17.224414] cloud-init[629]: |   o.o oo        |
[   17.237246] cloud-init[629]: |  o +.o..        |
[   17.245564] cloud-init[629]: | +o+ ....        |
[   17.259341] cloud-init[629]: |ooo.++..         |
[   17.269612] cloud-init[629]: +----[SHA256]-----+
[   17.279663] cloud-init[629]: Generating public/private ed25519 key pair.
[   17.294615] cloud-init[629]: Your identification has been saved in /etc/ssh/ssh_host_ed25519_key.
[   17.310486] cloud-init[629]: Your public key has been saved in /etc/ssh/ssh_host_ed25519_key.pub.
[   17.329715] cloud-init[629]: The key fingerprint is:
[   17.337400] cloud-init[629]: SHA256:fKXfSURv4ghC5gXtxtYUhLFMn7DjS65Nkyezz2leyNM root@ubuntu-bionic
[   17.351048] cloud-init[629]: The key's randomart image is:
[   17.358063] cloud-init[629]: +--[ED25519 256]--+
[   17.365929] cloud-init[629]: |        +o=+o..  |
[   17.379606] cloud-init[629]: |       + +o=.o . |
[   17.389832] cloud-init[629]: |        oo*o+ o o|
[   17.401182] cloud-init[629]: |       . o==.+ o |
[   17.408394] cloud-init[629]: |        So= . o  |
[   17.431002] cloud-init[629]: |         + = = . |
[[   17.453322] cloud-init[629]: |          O * E  |
[   17.476871] cloud-init[629]: |         + B.+   |
[   17.477155] cloud-init[629]: |        . o+=    |
[   17.477447] cloud-init[629]: +----[SHA256]-----+
[0;32m  OK  [0m] Started Initial cloud-init job (metadata service crawler).
[[0;32m  OK  [0m] Reached target Cloud-config availability.
[[0;32m  OK  [0m] Reached target System Initialization.
         Starting LXD - unix socket.
[[0;32m  OK  [0m] Listening on D-Bus System Message Bus Socket.
[[0;32m  OK  [0m] Started Daily Cleanup of Temporary Directories.
         Starting Socket activation for snappy daemon.
[[0;32m  OK  [0m] Listening on Open-iSCSI iscsid Socket.
[[0;32m  OK  [0m] Started Daily apt download activities.
[[0;32m  OK  [0m] Started ACPI Events Check.
[[0;32m  OK  [0m] Listening on UUID daemon activation socket.
[[0;32m  OK  [0m] Reached target Paths.
[[0;32m  OK  [0m] Listening on ACPID Listen Socket.
[[0;32m  OK  [0m] Started Message of the Day.
[[0;32m  OK  [0m] Started Daily apt upgrade and clean activities.
[[0;32m  OK  [0m] Started Discard unused blocks once a week.
[[0;32m  OK  [0m] Reached target Timers.
[[0;32m  OK  [0m] Reached target Network is Online.
[[0;32m  OK  [0m] Reached target Remote File Systems (Pre).
[[0;32m  OK  [0m] Reached target Remote File Systems.
         Starting Availability of block devices...
[[0;32m  OK  [0m] Listening on LXD - unix socket.
[[0;32m  OK  [0m] Listening on Socket activation for snappy daemon.
[[0;32m  OK  [0m] Started Availability of block devices.
[[0;32m  OK  [0m] Reached target Sockets.
[[0;32m  OK  [0m] Reached target Basic System.
         Starting Pollinate to seed the pseudo random number generator...
         Starting System Logging Service...
[[0;32m  OK  [0m] Started irqbalance daemon.
         Starting LSB: Record successful boot for GRUB...
         Starting Dispatcher daemon for systemd-networkd...
         Starting Permit User Sessions...
[[0;32m  OK  [0m] Started Regular background program processing daemon.
[[0;32m  OK  [0m] Started Deferred execution scheduler.
         Starting Accounts Service...
         Starting Login Service...
[[0;32m  OK  [0m] Started D-Bus System Message Bus.
[[0;32m  OK  [0m] Started Login Service.
         Starting Snappy daemon...
         Starting Virtualbox guest utils...
[[0;32m  OK  [0m] Started Unattended Upgrades Shutdown.
[[0;32m  OK  [0m] Started FUSE filesystem for LXC.
         Starting LSB: automatic crash report generation...
         Starting LXD - container startup/shutdown...
[[0;32m  OK  [0m] Started System Logging Service.
[[0;32m  OK  [0m] Started Permit User Sessions.
         Starting Authorization Manager...
         Starting Hold until boot process finishes up...
         Starting Terminate Plymouth Boot Screen...
[[0;32m  OK  [0m] Started Hold until boot process finishes up.
[[0;32m  OK  [0m] Started Terminate Plymouth Boot Screen.
[[0;32m  OK  [0m] Started Serial Getty on ttyS0.
         Starting Set console scheme...
[[0;32m  OK  [0m] Started LSB: automatic crash report generation.
[[0;32m  OK  [0m] Started Set console scheme.
[[0;32m  OK  [0m] Created slice system-getty.slice.
[[0;32m  OK  [0m] Started Getty on tty1.
[[0;32m  OK  [0m] Reached target Login Prompts.
[[0;32m  OK  [0m] Started LSB: Record successful boot for GRUB.
[[0;32m  OK  [0m] Started Virtualbox guest utils.
[[0;32m  OK  [0m] Started Authorization Manager.
[[0;32m  OK  [0m] Started Accounts Service.
[[0;32m  OK  [0m] Started Dispatcher daemon for systemd-networkd.
[[0;32m  OK  [0m] Started Snappy daemon.
[[0;32m  OK  [0m] Started LXD - container startup/shutdown.
         Starting Wait until snapd is fully seeded...
[[0;32m  OK  [0m] Started Pollinate to seed the pseudo random number generator.
         Starting OpenBSD Secure Shell server...
[[0;32m  OK  [0m] Started OpenBSD Secure Shell server.

Ubuntu 18.04.1 LTS ubuntu-bionic ttyS0

ubuntu-bionic login: [   35.081213] cloud-init[1057]: Cloud-init v. 18.4-0ubuntu1~18.04.1 running 'modules:config' at Wed, 31 Oct 2018 17:21:17 +0000. Up 30.64 seconds.
ci-info: no authorized ssh keys fingerprints found for user ubuntu.
<14>Oct 31 17:21:25 ec2: 
<14>Oct 31 17:21:25 ec2: #############################################################
<14>Oct 31 17:21:25 ec2: -----BEGIN SSH HOST KEY FINGERPRINTS-----
<14>Oct 31 17:21:25 ec2: 1024 SHA256:p3Tzqh2+g65qQ6yut+gvYiAWAvCtAhHIa64tPPyLrAI root@ubuntu-bionic (DSA)
<14>Oct 31 17:21:25 ec2: 256 SHA256:gRKGXJWPw/wEW6msr1tHSqU06HD1Cm7LSm6j1vkfVSY root@ubuntu-bionic (ECDSA)
<14>Oct 31 17:21:25 ec2: 256 SHA256:fKXfSURv4ghC5gXtxtYUhLFMn7DjS65Nkyezz2leyNM root@ubuntu-bionic (ED25519)
<14>Oct 31 17:21:25 ec2: 2048 SHA256:mm2mQQ3EXWO3NgM1qBI7A381cUP1Cy9nGamg1shlcIo root@ubuntu-bionic (RSA)
<14>Oct 31 17:21:25 ec2: -----END SSH HOST KEY FINGERPRINTS-----
<14>Oct 31 17:21:25 ec2: #############################################################
-----BEGIN SSH HOST KEY KEYS-----
ecdsa-sha2-nistp256 AAAAE2VjZHNhLXNoYTItbmlzdHAyNTYAAAAIbmlzdHAyNTYAAABBBJBvhghMPhCwQGqfdQJJIMRvJisAOHCc/EoFex+N7GjnpJ8T8+7K5aGXRaitrq0SWEleYsqerJ+obpvUQ3UX4DI= root@ubuntu-bionic
ssh-ed25519 AAAAC3NzaC1lZDI1NTE5AAAAIJetduAw0NaU9GFYuzpRhD6Lfarwv5i8DLGJ1oyryXwz root@ubuntu-bionic
ssh-rsa AAAAB3NzaC1yc2EAAAADAQABAAABAQDIQDzv/4+HpXpOgZxAt3fEuPIwcJ02cgpOPxe2yK2Cl4H+3kVoDEyseKo35yog/TZ0oCyEVW/A/BiJSTLG26ImboM2sQPmE0gGkZ0mgCnTEWhu2FSHjvHvCFE9y9B8Pk5w8s85cn8v4XAkldOJMYMJq2j5SW50aqpMUPxWJ7wHX3nHYlFhCn4un79Tg8ErorNGW/WckGwMuGu9xSENI324LOb08wGzj3xGmoFN9sHKzpHEfcI6J6WQ2rEPPWGlAj/CKdb2KZ0YKYJQtoz7D7vJMofezhR/ARklKkPku9UjCUiWMwlnY1VOg+1qSbXvtgxCXpU6RaZywgzy3Atu7AtT root@ubuntu-bionic
-----END SSH HOST KEY KEYS-----
[   39.246976] cloud-init[1205]: Cloud-init v. 18.4-0ubuntu1~18.04.1 running 'modules:final' at Wed, 31 Oct 2018 17:21:24 +0000. Up 38.61 seconds.
[   39.247460] cloud-init[1205]: ci-info: no authorized ssh keys fingerprints found for user ubuntu.
[   39.247668] cloud-init[1205]: Cloud-init v. 18.4-0ubuntu1~18.04.1 finished at Wed, 31 Oct 2018 17:21:25 +0000. Datasource DataSourceNoCloud [seed=/dev/sdb][dsmode=net].  Up 39.21 seconds
